{
  "RSpec": {
    "coverage": {
      "/home/upbeat-waterfall-8421/tic-tac-toe-rb-online-web-sp-000/lib/tic_tac_toe.rb": [
        null,
        1,
        5,
        5,
        5,
        5,
        5,
        null,
        1,
        9,
        null,
        null,
        1,
        3,
        3,
        0,
        null,
        3,
        null,
        null,
        1,
        null,
        1,
        7,
        0,
        null,
        0,
        null,
        null,
        1,
        1,
        null,
        null,
        1,
        6,
        6,
        6,
        6,
        0,
        0,
        null,
        0,
        null,
        null,
        null,
        1,
        2,
        2,
        18,
        5,
        null,
        null,
        2,
        null,
        null,
        1,
        null,
        null,
        null,
        null,
        null,
        null,
        null,
        null,
        null,
        1,
        26,
        156,
        156,
        156,
        null,
        156,
        156,
        156,
        null,
        156,
        0,
        null,
        null,
        14,
        null,
        null,
        1,
        91,
        4,
        null,
        8,
        null,
        null,
        null,
        1,
        17,
        7,
        0,
        0,
        3,
        3,
        null,
        null,
        null,
        1,
        11,
        4,
        null,
        1,
        null,
        null,
        1,
        3,
        0,
        null,
        null,
        null,
        1,
        0,
        0,
        0,
        0,
        null,
        null,
        null,
        1,
        12,
        4,
        null,
        3,
        1,
        1,
        2,
        2,
        null,
        null
      ]
    },
    "timestamp": 1623092914
  }
}
